<?xml version="1.0" encoding="UTF-8"?>
<!-- Generated by org.testng.reporters.JUnitReportReporter -->
<testsuite hostname="LAPTOP-7J3HTLJ4" failures="0" tests="1" name="testScript.SampleTest" time="0.010" errors="0" timestamp="2024-02-09T12:09:50 IST" skipped="0">
  <testcase classname="testScript.SampleTest" name="testCase01" time="0.010">
    <system-out>
      <![CDATA[SampleTest Class is Executed]]>
    </system-out>
  </testcase> <!-- testCase01 -->
  <system-out>
    <![CDATA[SampleTest Class is Executed]]>
  </system-out>
</testsuite> <!-- testScript.SampleTest -->
