<?xml version="1.0" encoding="UTF-8"?>
<!-- Generated by org.testng.reporters.JUnitReportReporter -->
<testsuite hostname="LAPTOP-7J3HTLJ4" failures="0" tests="2" name="testScript.Sample_2Test" time="0.013" errors="0" timestamp="2024-02-12T11:54:24 IST" skipped="0">
  <testcase classname="testScript.Sample_2Test" name="testCase2" time="0.004">
    <system-out>
      <![CDATA[Sample Class 2 tc02 is Excuted]]>
    </system-out>
  </testcase> <!-- testCase2 -->
  <testcase classname="testScript.Sample_2Test" name="testCase1" time="0.009">
    <system-out>
      <![CDATA[Sample Class 2 tc01 is Excuted]]>
    </system-out>
  </testcase> <!-- testCase1 -->
  <system-out>
    <![CDATA[Sample Class 2 tc01 is Excuted
Sample Class 2 tc02 is Excuted]]>
  </system-out>
</testsuite> <!-- testScript.Sample_2Test -->
