<?xml version="1.0" encoding="UTF-8"?>
<!-- Generated by org.testng.reporters.JUnitReportReporter -->
<testsuite hostname="LAPTOP-7J3HTLJ4" failures="0" tests="1" name="testScript.LoginTest" time="2.683" errors="0" timestamp="2024-02-09T15:32:54 IST" skipped="0">
  <testcase classname="testScript.LoginTest" name="testCase01" time="2.683">
    <system-out>
      <![CDATA[Logged in Successfully]]>
    </system-out>
  </testcase> <!-- testCase01 -->
  <system-out>
    <![CDATA[Connection to Server
Connection to DB
Opened the Browser
Logged in Successfully
Closed the browser
Disconnection to DB
Disconnection to Server]]>
  </system-out>
</testsuite> <!-- testScript.LoginTest -->
