<?xml version="1.0" encoding="UTF-8"?>
<!-- Generated by org.testng.reporters.JUnitReportReporter -->
<testsuite hostname="LAPTOP-7J3HTLJ4" failures="0" tests="1" name="testScript.Sample_1Test" time="0.009" errors="0" timestamp="2024-02-12T11:27:41 IST" skipped="0">
  <testcase classname="testScript.Sample_1Test" name="testCase1" time="0.009">
    <system-out>
      <![CDATA[Sample Class 1 is Excuted]]>
    </system-out>
  </testcase> <!-- testCase1 -->
  <system-out>
    <![CDATA[Sample Class 1 is Excuted
Sample Class 2 is Excuted]]>
  </system-out>
</testsuite> <!-- testScript.Sample_1Test -->
