<?xml version="1.0" encoding="UTF-8"?>
<!-- Generated by org.testng.reporters.JUnitReportReporter -->
<testsuite hostname="LAPTOP-7J3HTLJ4" failures="0" tests="1" name="testScript.Sample_3Test" time="0.616" errors="0" timestamp="2024-02-12T15:14:17 IST" skipped="0">
  <testcase classname="testScript.Sample_3Test" name="testCase" time="0.616"/>
</testsuite> <!-- testScript.Sample_3Test -->
