<?xml version="1.0" encoding="UTF-8"?>
<!-- Generated by org.testng.reporters.JUnitReportReporter -->
<testsuite hostname="LAPTOP-7J3HTLJ4" failures="0" tests="1" name="testScript.Sample_4Test" time="27.776" errors="0" timestamp="2024-02-12T15:26:43 IST" skipped="0">
  <testcase classname="testScript.Sample_4Test" name="testCase" time="27.776"/>
</testsuite> <!-- testScript.Sample_4Test -->
