<?xml version="1.0" encoding="UTF-8"?>
<!-- Generated by org.testng.reporters.JUnitReportReporter -->
<testsuite hostname="LAPTOP-7J3HTLJ4" failures="0" tests="1" name="testScript.RegisterationTest" time="2.420" errors="0" timestamp="2024-02-09T17:03:45 IST" skipped="0">
  <testcase classname="testScript.RegisterationTest" name="testCase01" time="2.420">
    <system-out>
      <![CDATA[Registered Successfully]]>
    </system-out>
  </testcase> <!-- testCase01 -->
  <system-out>
    <![CDATA[Connection to Server
Connection to DB
Opened the Browser
Registered Successfully
Closed the browser
Disconnection to DB
Disconnection to Server]]>
  </system-out>
</testsuite> <!-- testScript.RegisterationTest -->
