<?xml version="1.0" encoding="UTF-8"?>
<!-- Generated by org.testng.reporters.JUnitReportReporter -->
<testsuite hostname="LAPTOP-7J3HTLJ4" failures="0" tests="3" name="testScript.Sample1_Test" time="0.162" errors="0" timestamp="2024-02-09T14:57:22 IST" skipped="0">
  <testcase classname="testScript.Sample1_Test" name="testCase01" time="0.002">
    <system-out>
      <![CDATA[SampleTest01 Class is Executed
Karen43@gmail.com
Karen@123]]>
    </system-out>
  </testcase> <!-- testCase01 -->
  <testcase classname="testScript.Sample1_Test" name="testCase02" time="0.150">
    <system-out>
      <![CDATA[Selenium@123]]>
    </system-out>
  </testcase> <!-- testCase02 -->
  <testcase classname="testScript.Sample1_Test" name="testCase01" time="0.010">
    <system-out>
      <![CDATA[SampleTest01 Class is Executed
Selenium10to12@gmail.com
Selenium@123]]>
    </system-out>
  </testcase> <!-- testCase01 -->
  <system-out>
    <![CDATA[SampleTest01 Class is Executed
Selenium10to12@gmail.com
Selenium@123
SampleTest01 Class is Executed
Karen43@gmail.com
Karen@123
Selenium@123]]>
  </system-out>
</testsuite> <!-- testScript.Sample1_Test -->
