<?xml version="1.0" encoding="UTF-8"?>
<!-- Generated by org.testng.reporters.JUnitReportReporter -->
<testsuite hostname="LAPTOP-7J3HTLJ4" failures="0" tests="1" name="testScript.DigitaldownloadsTest" time="11.595" errors="0" timestamp="2024-02-09T17:32:35 IST" skipped="0">
  <testcase classname="testScript.DigitaldownloadsTest" name="testCase01" time="11.595"/>
  <system-out>
    <![CDATA[Connection to Server
Connection to DB
Opened the Browser
Closed the browser
Disconnection to DB
Disconnection to Server]]>
  </system-out>
</testsuite> <!-- testScript.DigitaldownloadsTest -->
